\BOOKMARK [0][]{section*.4}{\376\377\000C\000o\000n\000t\000e\000n\000t\000s}{}% 1
\BOOKMARK [-1][]{section*.6}{\376\377\000P\000r\000e\000f\000a\000c\000e}{}% 2
\BOOKMARK [0][]{chapter*.7}{\376\377\000I\000n\000t\000r\000o\000d\000u\000c\000t\000i\000o\000n}{section*.6}% 3
\BOOKMARK [1][]{section*.8}{\376\377\000T\000h\000e\000\040\000L\000o\000s\000t\000\040\000P\000r\000a\000c\000t\000i\000c\000e\000\040\000O\000f\000\040\000C\000a\000t\000e\000c\000h\000e\000s\000i\000s}{chapter*.7}% 4
\BOOKMARK [1][]{section*.9}{\376\377\000W\000h\000y\000\040\000W\000r\000i\000t\000e\000\040\000N\000e\000w\000\040\000C\000a\000t\000e\000c\000h\000i\000s\000m\000s\000?}{chapter*.7}% 5
\BOOKMARK [1][]{section*.10}{\376\377\000A\000\040\000J\000o\000i\000n\000t\000\040\000A\000d\000u\000l\000t\000\040\000A\000n\000d\000\040\000C\000h\000i\000l\000d\000r\000e\000n\000'\000s\000\040\000C\000a\000t\000e\000c\000h\000i\000s\000m}{chapter*.7}% 6
\BOOKMARK [1][]{section*.11}{\376\377\000T\000h\000e\000\040\000U\000s\000e\000\040\000O\000f\000\040\000A\000r\000c\000h\000a\000i\000c\000\040\000L\000a\000n\000g\000u\000a\000g\000e}{chapter*.7}% 7
\BOOKMARK [1][]{section*.12}{\376\377\000H\000o\000w\000\040\000T\000o\000\040\000U\000s\000e\000\040\000N\000e\000w\000\040\000C\000i\000t\000y\000\040\000C\000a\000t\000e\000c\000h\000i\000s\000m}{chapter*.7}% 8
\BOOKMARK [1][]{section*.13}{\376\377\000M\000e\000m\000o\000r\000i\000z\000a\000t\000i\000o\000n\000\040\000T\000i\000p\000s}{chapter*.7}% 9
\BOOKMARK [1][]{section*.14}{\376\377\000A\000\040\000B\000i\000b\000l\000i\000c\000a\000l\000\040\000P\000r\000a\000c\000t\000i\000c\000e}{chapter*.7}% 10
\BOOKMARK [-1][]{section*.16}{\376\377\000N\000e\000w\000\040\000C\000i\000t\000y\000\040\000C\000a\000t\000e\000c\000h\000i\000s\000m}{}% 11
\BOOKMARK [0][]{chapter*.17}{\376\377\000P\000a\000r\000t\000\040\0001\000.\000\040\000G\000o\000d\000,\000\040\000C\000r\000e\000a\000t\000i\000o\000n\000\040\000A\000n\000d\000\040\000F\000a\000l\000l\000,\000\040\000L\000a\000w}{section*.16}% 12
\BOOKMARK [1][]{section*.18}{\376\377\000Q\000\040\0001\000.\000\040\000W\000h\000a\000t\000\040\000i\000s\000\040\000o\000u\000r\000\040\000o\000n\000l\000y\000\040\000h\000o\000p\000e\000\040\000i\000n\000\040\000l\000i\000f\000e\000\040\000a\000n\000d\000\040\000d\000e\000a\000t\000h\000?}{chapter*.17}% 13
\BOOKMARK [1][]{section*.24}{\376\377\000Q\000\040\0002\000.\000\040\000W\000h\000a\000t\000\040\000I\000s\000\040\000G\000o\000d\000?}{chapter*.17}% 14
\BOOKMARK [1][]{section*.30}{\376\377\000Q\000\040\0003\000.\000\040\000H\000o\000w\000\040\000m\000a\000n\000y\000\040\000p\000e\000r\000s\000o\000n\000s\000\040\000a\000r\000e\000\040\000t\000h\000e\000r\000e\000\040\000i\000n\000\040\000G\000o\000d\000?}{chapter*.17}% 15
\BOOKMARK [-1][]{section*.36}{\376\377\000F\000r\000e\000q\000u\000e\000n\000t\000l\000y\000\040\000A\000s\000k\000e\000d\000\040\000Q\000u\000e\000s\000t\000i\000o\000n\000s}{}% 16
\BOOKMARK [0][]{chapter*.37}{\376\377\000F\000A\000Q\040\024\000N\000e\000w\000\040\000C\000i\000t\000y\000\040\000C\000a\000t\000e\000c\000h\000i\000s\000m}{section*.36}% 17
\BOOKMARK [1][]{section*.38}{\376\377\000A\000t\000\040\000W\000h\000a\000t\000\040\000A\000g\000e\000\040\000I\000s\000\040\000T\000h\000e\000\040\000C\000h\000i\000l\000d\000r\000e\000n\000'\000s\000\040\000C\000a\000t\000e\000c\000h\000i\000s\000m\000\040\000A\000i\000m\000e\000d\000?}{chapter*.37}% 18
\BOOKMARK [1][]{section*.39}{\376\377\000W\000h\000y\000\040\000I\000s\000\040\000S\000o\000m\000e\000\040\000O\000f\000\040\000T\000h\000e\000\040\000T\000e\000x\000t\000\040\000I\000n\000\040\000C\000o\000l\000o\000r\000\040\000I\000n\000\040\000T\000h\000e\000\040\000A\000n\000s\000w\000e\000r\000s\000?}{chapter*.37}% 19
\BOOKMARK [1][]{section*.40}{\376\377\000I\000n\000\040\000W\000h\000a\000t\000\040\000O\000r\000d\000e\000r\000\040\000S\000h\000o\000u\000l\000d\000\040\000I\000\040\000G\000o\000\040\000T\000h\000r\000o\000u\000g\000h\000\040\000T\000h\000e\000\040\000V\000e\000r\000s\000e\000s\000,\000\040\000C\000o\000m\000m\000e\000n\000t\000a\000r\000i\000e\000s\000,\000\040\000A\000n\000d\000\040\000S\000o\000\040\000O\000n\000?}{chapter*.37}% 20
\BOOKMARK [1][]{section*.41}{\376\377\000H\000o\000w\000\040\000D\000o\000\040\000I\000\040\000U\000s\000e\000\040\000N\000e\000w\000\040\000C\000i\000t\000y\000\040\000C\000a\000t\000e\000c\000h\000i\000s\000m\000?}{chapter*.37}% 21
\BOOKMARK [1][]{section*.42}{\376\377\000H\000o\000w\000\040\000D\000o\000\040\000I\000\040\000U\000s\000e\000\040\000N\000e\000w\000\040\000C\000i\000t\000y\000\040\000C\000a\000t\000e\000c\000h\000i\000s\000m\000\040\000W\000i\000t\000h\000\040\000M\000y\000\040\000F\000a\000m\000i\000l\000y\000?}{chapter*.37}% 22
\BOOKMARK [1][]{section*.43}{\376\377\000H\000o\000w\000\040\000D\000o\000\040\000I\000\040\000U\000s\000e\000\040\000N\000e\000w\000\040\000C\000i\000t\000y\000\040\000C\000a\000t\000e\000c\000h\000i\000s\000m\000\040\000W\000i\000t\000h\000\040\000M\000y\000\040\000S\000t\000u\000d\000y\000\040\000G\000r\000o\000u\000p\000?}{chapter*.37}% 23
\BOOKMARK [1][]{section*.44}{\376\377\000W\000h\000y\000\040\000A\000r\000e\000\040\000S\000o\000m\000e\000\040\000O\000f\000\040\000T\000h\000e\000\040\000P\000r\000a\000y\000e\000r\000s\000\040\000L\000o\000n\000g\000e\000r\000\040\000T\000h\000a\000n\000\040\000O\000t\000h\000e\000r\000s\000?}{chapter*.37}% 24
\BOOKMARK [1][]{section*.45}{\376\377\000W\000h\000i\000c\000h\000\040\000C\000a\000t\000e\000c\000h\000i\000s\000m\000\040\000S\000h\000o\000u\000l\000d\000\040\000I\000\040\000L\000e\000a\000r\000n\000\040\000A\000f\000t\000e\000r\000\040\000T\000h\000i\000s\000\040\000O\000n\000e\000?}{chapter*.37}% 25
\BOOKMARK [-1][]{section*.48}{\376\377\000A\000d\000d\000e\000n\000d\000a}{}% 26
\BOOKMARK [0][]{chapter*.49}{\376\377\000B\000r\000i\000e\000f\000\040\000B\000i\000o\000g\000r\000a\000p\000h\000i\000e\000s}{section*.48}% 27
\BOOKMARK [0][]{chapter*.50}{\376\377\000G\000e\000n\000e\000r\000a\000l\000\040\000I\000n\000d\000e\000x}{section*.48}% 28
\BOOKMARK [0][]{chapter*.52}{\376\377\000P\000e\000o\000p\000l\000e}{section*.48}% 29
\BOOKMARK [0][]{chapter*.54}{\376\377\000B\000o\000o\000k\000s}{section*.48}% 30
\BOOKMARK [0][]{chapter*.56}{\376\377\000B\000i\000b\000l\000e\000\040\000R\000e\000f\000e\000r\000e\000n\000c\000e\000s}{section*.48}% 31
